0 info it worked if it ends with ok
1 verbose cli [ 'C:\\Program Files\\nodejs\\node.exe',
1 verbose cli   'C:\\Users\\Administrator\\AppData\\Roaming\\npm\\node_modules\\cnpm\\node_modules\\npm\\bin\\npm-cli.js',
1 verbose cli   '--userconfig=C:\\Users\\Administrator\\.cnpmrc',
1 verbose cli   '--disturl=https://npm.taobao.org/mirrors/node',
1 verbose cli   '--registry=https://registry.npm.taobao.org',
1 verbose cli   'run',
1 verbose cli   'dev' ]
2 info using npm@3.10.10
3 info using node@v9.4.0
4 verbose run-script [ 'predev', 'dev', 'postdev' ]
5 info lifecycle 201803webpack@1.0.0~predev: 201803webpack@1.0.0
6 silly lifecycle 201803webpack@1.0.0~predev: no script for predev, continuing
7 info lifecycle 201803webpack@1.0.0~dev: 201803webpack@1.0.0
8 verbose lifecycle 201803webpack@1.0.0~dev: unsafe-perm in lifecycle true
9 verbose lifecycle 201803webpack@1.0.0~dev: PATH: C:\Users\Administrator\AppData\Roaming\npm\node_modules\cnpm\node_modules\npm\bin\node-gyp-bin;D:\vipcode\project\201803webpack\node_modules\.bin;C:\Python27\;C:\Python27\Scripts;C:\Windows\system32;C:\Windows;C:\Windows\System32\Wbem;C:\Windows\System32\WindowsPowerShell\v1.0\;C:\ProgramData\chocolatey\bin;C:\Program Files\Java\jdk1.8.0_131\bin;C:\Program Files\Microsoft SQL Server\110\Tools\Binn\;C:\Program Files\MySQL\MySQL Server 5.5\bin;C:\Program Files\Git\cmd;C:\OpenSSL-Win32\bin;D:\program\MongoDB\bin;C:\Program Files\MongoDB\Server\3.6\bin;C:\Users\Administrator\AppData\Roaming\npm;D:\program\php;C:\Program Files\nodejs;C:\Python27;D:\bin;E:\Program Files (x86)\Microsoft VS Code\bin;C:\Users\Administrator\AppData\Local\atom\bin;C:\Users\Administrator\AppData\Local\Programs\Fiddler;E:\Program Files\Docker Toolbox
10 verbose lifecycle 201803webpack@1.0.0~dev: CWD: D:\vipcode\project\201803webpack
11 silly lifecycle 201803webpack@1.0.0~dev: Args: [ '/d /s /c', 'webpack-dev-server --mode development' ]
12 silly lifecycle 201803webpack@1.0.0~dev: Returned: code: 1  signal: null
13 info lifecycle 201803webpack@1.0.0~dev: Failed to exec dev script
14 verbose stack Error: 201803webpack@1.0.0 dev: `webpack-dev-server --mode development`
14 verbose stack Exit status 1
14 verbose stack     at EventEmitter.<anonymous> (C:\Users\Administrator\AppData\Roaming\npm\node_modules\cnpm\node_modules\npm\lib\utils\lifecycle.js:255:16)
14 verbose stack     at EventEmitter.emit (events.js:160:13)
14 verbose stack     at ChildProcess.<anonymous> (C:\Users\Administrator\AppData\Roaming\npm\node_modules\cnpm\node_modules\npm\lib\utils\spawn.js:40:14)
14 verbose stack     at ChildProcess.emit (events.js:160:13)
14 verbose stack     at maybeClose (internal/child_process.js:943:16)
14 verbose stack     at Process.ChildProcess._handle.onexit (internal/child_process.js:220:5)
15 verbose pkgid 201803webpack@1.0.0
16 verbose cwd D:\vipcode\project\201803webpack
17 error Windows_NT 6.1.7601
18 error argv "C:\\Program Files\\nodejs\\node.exe" "C:\\Users\\Administrator\\AppData\\Roaming\\npm\\node_modules\\cnpm\\node_modules\\npm\\bin\\npm-cli.js" "--userconfig=C:\\Users\\Administrator\\.cnpmrc" "--disturl=https://npm.taobao.org/mirrors/node" "--registry=https://registry.npm.taobao.org" "run" "dev"
19 error node v9.4.0
20 error npm  v3.10.10
21 error code ELIFECYCLE
22 error 201803webpack@1.0.0 dev: `webpack-dev-server --mode development`
22 error Exit status 1
23 error Failed at the 201803webpack@1.0.0 dev script 'webpack-dev-server --mode development'.
23 error Make sure you have the latest version of node.js and npm installed.
23 error If you do, this is most likely a problem with the 201803webpack package,
23 error not with npm itself.
23 error Tell the author that this fails on your system:
23 error     webpack-dev-server --mode development
23 error You can get information on how to open an issue for this project with:
23 error     npm bugs 201803webpack
23 error Or if that isn't available, you can get their info via:
23 error     npm owner ls 201803webpack
23 error There is likely additional logging output above.
24 verbose exit [ 1, true ]
